<?xml version="1.0" ?>
<coverage line-rate="1.0" branch-rate="1.0" version="1.9" timestamp="0" lines-covered="1" lines-valid="1" branches-covered="0" branches-valid="0" complexity="0">
  <sources>
    <source>.</source>
  </sources>
  <packages>
    <package name="example" line-rate="1.0" branch-rate="1.0" complexity="0">
      <classes>
        <class name="example" filename="example.go" line-rate="1.0" branch-rate="1.0" complexity="0">
          <methods/>
          <lines>
            <line number="1" hits="1"/>
          </lines>
        </class>
      </classes>
    </package>
  </packages>
</coverage>
